[debug] [2023-03-30T20:12:14.235Z] ----------------------------------------------------------------------
[debug] [2023-03-30T20:12:14.237Z] Command:       C:\Program Files\nodejs\node.exe C:\Users\brandon\AppData\Roaming\npm\node_modules\firebase-tools\lib\bin\firebase.js emulators:start
[debug] [2023-03-30T20:12:14.237Z] CLI Version:   11.3.0
[debug] [2023-03-30T20:12:14.237Z] Platform:      win32
[debug] [2023-03-30T20:12:14.237Z] Node Version:  v18.14.2
[debug] [2023-03-30T20:12:14.238Z] Time:          Thu Mar 30 2023 15:12:14 GMT-0500 (Central Daylight Time)
[debug] [2023-03-30T20:12:14.239Z] ----------------------------------------------------------------------
[debug] 
[debug] [2023-03-30T20:12:14.308Z] > command requires scopes: ["email","openid","https://www.googleapis.com/auth/cloudplatformprojects.readonly","https://www.googleapis.com/auth/firebase","https://www.googleapis.com/auth/cloud-platform"]
[debug] [2023-03-30T20:12:14.308Z] > authorizing via signed-in user (tylersitz17@gmail.com)
[info] i  emulators: Starting emulators: functions, hosting {"metadata":{"emulator":{"name":"hub"},"message":"Starting emulators: functions, hosting"}}
[warn] !  emulators: It seems that you are running multiple instances of the emulator suite for project clone-f4a00. This may result in unexpected behavior. 
[debug] [2023-03-30T20:12:14.339Z] [hub] writing locator at C:\Users\brandon\AppData\Local\Temp\hub-clone-f4a00.json
[warn] !  functions: The following emulators are not running, calls to these services from the Functions emulator will affect production: auth, firestore, database, pubsub, storage {"metadata":{"emulator":{"name":"functions"},"message":"The following emulators are not running, calls to these services from the Functions emulator will affect production: \u001b[1mauth, firestore, database, pubsub, storage\u001b[22m"}}
[warn] !  Your requested "node" version "16" doesn't match your global version "18". Using node@18 from host. {"metadata":{"emulator":{"name":"functions"},"message":"Your requested \"node\" version \"16\" doesn't match your global version \"18\". Using node@18 from host."}}
[debug] [2023-03-30T20:12:14.396Z] defaultcredentials: writing to file C:\Users\brandon\AppData\Roaming\firebase\tylersitz17_gmail_com_application_default_credentials.json
[debug] [2023-03-30T20:12:14.397Z] Setting GAC to C:\Users\brandon\AppData\Roaming\firebase\tylersitz17_gmail_com_application_default_credentials.json {"metadata":{"emulator":{"name":"functions"},"message":"Setting GAC to C:\\Users\\brandon\\AppData\\Roaming\\firebase\\tylersitz17_gmail_com_application_default_credentials.json"}}
[debug] [2023-03-30T20:12:14.400Z] >>> [apiv2][query] GET https://firebase.googleapis.com/v1beta1/projects/clone-f4a00/adminSdkConfig [none]
[debug] [2023-03-30T20:12:14.995Z] <<< [apiv2][status] GET https://firebase.googleapis.com/v1beta1/projects/clone-f4a00/adminSdkConfig 200
[debug] [2023-03-30T20:12:14.995Z] <<< [apiv2][body] GET https://firebase.googleapis.com/v1beta1/projects/clone-f4a00/adminSdkConfig {"projectId":"clone-f4a00","storageBucket":"clone-f4a00.appspot.com"}
[debug] [2023-03-30T20:12:15.016Z] >>> [apiv2][query] GET https://firebasehosting.googleapis.com/v1beta1/projects/clone-f4a00/sites 
[debug] [2023-03-30T20:12:15.774Z] <<< [apiv2][status] GET https://firebasehosting.googleapis.com/v1beta1/projects/clone-f4a00/sites 200
[debug] [2023-03-30T20:12:15.774Z] <<< [apiv2][body] GET https://firebasehosting.googleapis.com/v1beta1/projects/clone-f4a00/sites {"sites":[{"name":"projects/clone-f4a00/sites/clone-f4a00","defaultUrl":"https://clone-f4a00.web.app","appId":"1:302647297892:web:e7d70a3641b608b2221c71","type":"DEFAULT_SITE"}]}
[debug] [2023-03-30T20:12:15.774Z] >>> [apiv2][query] GET https://firebase.googleapis.com/v1beta1/projects/clone-f4a00/webApps/1:302647297892:web:e7d70a3641b608b2221c71/config [none]
[debug] [2023-03-30T20:12:16.454Z] <<< [apiv2][status] GET https://firebase.googleapis.com/v1beta1/projects/clone-f4a00/webApps/1:302647297892:web:e7d70a3641b608b2221c71/config 200
[debug] [2023-03-30T20:12:16.454Z] <<< [apiv2][body] GET https://firebase.googleapis.com/v1beta1/projects/clone-f4a00/webApps/1:302647297892:web:e7d70a3641b608b2221c71/config {"projectId":"clone-f4a00","appId":"1:302647297892:web:e7d70a3641b608b2221c71","storageBucket":"clone-f4a00.appspot.com","apiKey":"AIzaSyBcRacBRjHv7i6i4bdNQgQQr5nBRO4zOwE","authDomain":"clone-f4a00.firebaseapp.com","messagingSenderId":"302647297892","measurementId":"G-V9R96M3KLC"}
[info] i  hosting: Serving hosting files from: build {"metadata":{"emulator":{"name":"hosting"},"message":"Serving hosting files from: \u001b[1mbuild\u001b[22m"}}
[info] +  hosting: Local server: http://localhost:5000 {"metadata":{"emulator":{"name":"hosting"},"message":"Local server: \u001b[4m\u001b[1mhttp://localhost:5000\u001b[22m\u001b[24m"}}
[debug] [2023-03-30T20:12:16.578Z] Ignoring unsupported arg: auto_download {"metadata":{"emulator":{"name":"ui"},"message":"Ignoring unsupported arg: auto_download"}}
[debug] [2023-03-30T20:12:16.578Z] Ignoring unsupported arg: port {"metadata":{"emulator":{"name":"ui"},"message":"Ignoring unsupported arg: port"}}
[debug] [2023-03-30T20:12:16.578Z] Starting Emulator UI with command {"binary":"node","args":["C:\\Users\\brandon\\.cache\\firebase\\emulators\\ui-v1.8.1\\server\\server.js"],"optionalArgs":[],"joinArgs":false} {"metadata":{"emulator":{"name":"ui"},"message":"Starting Emulator UI with command {\"binary\":\"node\",\"args\":[\"C:\\\\Users\\\\brandon\\\\.cache\\\\firebase\\\\emulators\\\\ui-v1.8.1\\\\server\\\\server.js\"],\"optionalArgs\":[],\"joinArgs\":false}"}}
[info] i  ui: Emulator UI logging to ui-debug.log {"metadata":{"emulator":{"name":"ui"},"message":"Emulator UI logging to \u001b[1mui-debug.log\u001b[22m"}}
[debug] [2023-03-30T20:12:16.975Z] Web / API server started at localhost:4000
 {"metadata":{"emulator":{"name":"ui"},"message":"Web / API server started at localhost:4000\n"}}
[info] i  functions: Watching "C:\VisualStudioCodeStuff\amazon-clone\functions" for Cloud Functions... {"metadata":{"emulator":{"name":"functions"},"message":"Watching \"C:\\VisualStudioCodeStuff\\amazon-clone\\functions\" for Cloud Functions..."}}
[debug] [2023-03-30T20:12:17.141Z] Validating nodejs source
[warn] !  functions: package.json indicates an outdated version of firebase-functions. Please upgrade using npm install --save firebase-functions@latest in your functions directory. 
[warn] !  functions: Please note that there will be breaking changes when you upgrade. 
[debug] [2023-03-30T20:12:22.141Z] > [functions] package.json contents: {
  "name": "functions",
  "description": "Cloud Functions for Firebase",
  "scripts": {
    "lint": "eslint .",
    "serve": "firebase emulators:start --only functions",
    "shell": "firebase functions:shell",
    "start": "npm run shell",
    "deploy": "firebase deploy --only functions",
    "logs": "firebase functions:log"
  },
  "engines": {
    "node": "16"
  },
  "main": "index.js",
  "dependencies": {
    "cors": "^2.8.5",
    "express": "^4.18.2",
    "firebase-admin": "^10.0.2",
    "firebase-functions": "^3.18.0",
    "stripe": "^11.15.0"
  },
  "devDependencies": {
    "eslint": "^8.9.0",
    "eslint-config-google": "^0.14.0",
    "firebase-functions-test": "^0.2.0"
  },
  "private": true
}
[debug] [2023-03-30T20:12:22.142Z] Building nodejs source
[debug] [2023-03-30T20:12:22.142Z] Analyzing nodejs backend spec
[debug] [2023-03-30T20:12:22.143Z] Could not find functions.yaml. Must use http discovery
[debug] [2023-03-30T20:12:22.544Z] Serving at port 9005

[debug] [2023-03-30T20:12:22.760Z] Got response from /__/functions.yaml {"endpoints":{"api":{"platform":"gcfv1","httpsTrigger":{},"entryPoint":"api"}},"specVersion":"v1alpha1","requiredAPIs":[]}
[debug] [2023-03-30T20:12:22.769Z] shutdown requested via /__/quitquitquit

[info] +  functions[us-central1-api]: http function initialized (http://localhost:5001/clone-f4a00/us-central1/api). {"metadata":{"emulator":{"name":"functions"},"message":"\u001b[1mhttp\u001b[22m function initialized (http://localhost:5001/clone-f4a00/us-central1/api)."}}
[info] 
┌─────────────────────────────────────────────────────────────┐
│ ✔  All emulators ready! It is now safe to connect your app. │
│ i  View Emulator UI at http://localhost:4000                │
└─────────────────────────────────────────────────────────────┘

┌───────────┬────────────────┬─────────────────────────────────┐
│ Emulator  │ Host:Port      │ View in Emulator UI             │
├───────────┼────────────────┼─────────────────────────────────┤
│ Functions │ localhost:5001 │ http://localhost:4000/functions │
├───────────┼────────────────┼─────────────────────────────────┤
│ Hosting   │ localhost:5000 │ n/a                             │
└───────────┴────────────────┴─────────────────────────────────┘
  Emulator Hub running at localhost:4400
  Other reserved ports: 4500

Issues? Report them at https://github.com/firebase/firebase-tools/issues and attach the *-debug.log files.
 
[debug] [2023-03-30T20:12:40.772Z] [work-queue] {"queueLength":1,"workRunningCount":0}
[debug] [2023-03-30T20:12:40.772Z] [work-queue] {"queueLength":0,"workRunningCount":1}
[debug] [2023-03-30T20:12:40.772Z] Accepted request POST /clone-f4a00/us-central1/api/payments/create?total=3078 --> us-central1-api
[debug] [2023-03-30T20:12:40.801Z] [worker-pool] addWorker(us-central1-api) {"metadata":{"emulator":{"name":"functions"},"message":"[worker-pool] addWorker(us-central1-api)"}}
[debug] [2023-03-30T20:12:40.802Z] [worker-pool] Adding worker with key us-central1-api, total=1 {"metadata":{"emulator":{"name":"functions"},"message":"[worker-pool] Adding worker with key us-central1-api, total=1"}}
[debug] [2023-03-30T20:12:40.802Z] [worker-pool] submitWork(triggerId=us-central1-api) {"metadata":{"emulator":{"name":"functions"},"message":"[worker-pool] submitWork(triggerId=us-central1-api)"}}
[debug] [2023-03-30T20:12:40.802Z] [worker-us-central1-api-15d76f68-5e81-4b42-92cd-0f3245d3773d]: BUSY {"metadata":{"emulator":{"name":"functions"},"message":"[worker-us-central1-api-15d76f68-5e81-4b42-92cd-0f3245d3773d]: BUSY"}}
[debug] [2023-03-30T20:12:40.807Z] [work-queue] {"queueLength":1,"workRunningCount":1}
[debug] [2023-03-30T20:12:40.808Z] [work-queue] {"queueLength":0,"workRunningCount":2}
[debug] [2023-03-30T20:12:40.808Z] Accepted request POST /clone-f4a00/us-central1/api/payments/create?total=3078 --> us-central1-api
[debug] [2023-03-30T20:12:40.839Z] [worker-pool] addWorker(us-central1-api) {"metadata":{"emulator":{"name":"functions"},"message":"[worker-pool] addWorker(us-central1-api)"}}
[debug] [2023-03-30T20:12:40.840Z] [worker-pool] Adding worker with key us-central1-api, total=2 {"metadata":{"emulator":{"name":"functions"},"message":"[worker-pool] Adding worker with key us-central1-api, total=2"}}
[debug] [2023-03-30T20:12:40.840Z] [worker-pool] submitWork(triggerId=us-central1-api) {"metadata":{"emulator":{"name":"functions"},"message":"[worker-pool] submitWork(triggerId=us-central1-api)"}}
[debug] [2023-03-30T20:12:40.840Z] [worker-us-central1-api-7739b86a-f59e-4e49-98da-771007750540]: BUSY {"metadata":{"emulator":{"name":"functions"},"message":"[worker-us-central1-api-7739b86a-f59e-4e49-98da-771007750540]: BUSY"}}
[debug] [2023-03-30T20:12:43.548Z] [runtime-status] [7548] Resolved module firebase-admin {"declared":true,"installed":true,"version":"10.3.0","resolution":"C:\\VisualStudioCodeStuff\\amazon-clone\\functions\\node_modules\\firebase-admin\\lib\\index.js"} {"metadata":{"emulator":{"name":"functions"},"function":{"name":"us-central1-api"},"extension":{},"message":"[runtime-status] [7548] Resolved module firebase-admin {\"declared\":true,\"installed\":true,\"version\":\"10.3.0\",\"resolution\":\"C:\\\\VisualStudioCodeStuff\\\\amazon-clone\\\\functions\\\\node_modules\\\\firebase-admin\\\\lib\\\\index.js\"}"}}
[debug] [2023-03-30T20:12:43.551Z] [runtime-status] [7548] Resolved module firebase-functions {"declared":true,"installed":true,"version":"3.24.1","resolution":"C:\\VisualStudioCodeStuff\\amazon-clone\\functions\\node_modules\\firebase-functions\\lib\\index.js"} {"metadata":{"emulator":{"name":"functions"},"function":{"name":"us-central1-api"},"extension":{},"message":"[runtime-status] [7548] Resolved module firebase-functions {\"declared\":true,\"installed\":true,\"version\":\"3.24.1\",\"resolution\":\"C:\\\\VisualStudioCodeStuff\\\\amazon-clone\\\\functions\\\\node_modules\\\\firebase-functions\\\\lib\\\\index.js\"}"}}
[debug] [2023-03-30T20:12:43.552Z] [runtime-status] [7548] Outgoing network have been stubbed. [{"name":"http","status":"mocked"},{"name":"http","status":"mocked"},{"name":"https","status":"mocked"},{"name":"https","status":"mocked"},{"name":"net","status":"mocked"}] {"metadata":{"emulator":{"name":"functions"},"function":{"name":"us-central1-api"},"extension":{},"message":"[runtime-status] [7548] Outgoing network have been stubbed. [{\"name\":\"http\",\"status\":\"mocked\"},{\"name\":\"http\",\"status\":\"mocked\"},{\"name\":\"https\",\"status\":\"mocked\"},{\"name\":\"https\",\"status\":\"mocked\"},{\"name\":\"net\",\"status\":\"mocked\"}]"}}
[debug] [2023-03-30T20:12:43.553Z] [runtime-status] [7548] Resolved module firebase-functions {"declared":true,"installed":true,"version":"3.24.1","resolution":"C:\\VisualStudioCodeStuff\\amazon-clone\\functions\\node_modules\\firebase-functions\\lib\\index.js"} {"metadata":{"emulator":{"name":"functions"},"function":{"name":"us-central1-api"},"extension":{},"message":"[runtime-status] [7548] Resolved module firebase-functions {\"declared\":true,\"installed\":true,\"version\":\"3.24.1\",\"resolution\":\"C:\\\\VisualStudioCodeStuff\\\\amazon-clone\\\\functions\\\\node_modules\\\\firebase-functions\\\\lib\\\\index.js\"}"}}
[debug] [2023-03-30T20:12:43.579Z] [runtime-status] [32508] Resolved module firebase-admin {"declared":true,"installed":true,"version":"10.3.0","resolution":"C:\\VisualStudioCodeStuff\\amazon-clone\\functions\\node_modules\\firebase-admin\\lib\\index.js"} {"metadata":{"emulator":{"name":"functions"},"function":{"name":"us-central1-api"},"extension":{},"message":"[runtime-status] [32508] Resolved module firebase-admin {\"declared\":true,\"installed\":true,\"version\":\"10.3.0\",\"resolution\":\"C:\\\\VisualStudioCodeStuff\\\\amazon-clone\\\\functions\\\\node_modules\\\\firebase-admin\\\\lib\\\\index.js\"}"}}
[debug] [2023-03-30T20:12:43.583Z] [runtime-status] [32508] Resolved module firebase-functions {"declared":true,"installed":true,"version":"3.24.1","resolution":"C:\\VisualStudioCodeStuff\\amazon-clone\\functions\\node_modules\\firebase-functions\\lib\\index.js"} {"metadata":{"emulator":{"name":"functions"},"function":{"name":"us-central1-api"},"extension":{},"message":"[runtime-status] [32508] Resolved module firebase-functions {\"declared\":true,\"installed\":true,\"version\":\"3.24.1\",\"resolution\":\"C:\\\\VisualStudioCodeStuff\\\\amazon-clone\\\\functions\\\\node_modules\\\\firebase-functions\\\\lib\\\\index.js\"}"}}
[debug] [2023-03-30T20:12:43.584Z] [runtime-status] [32508] Outgoing network have been stubbed. [{"name":"http","status":"mocked"},{"name":"http","status":"mocked"},{"name":"https","status":"mocked"},{"name":"https","status":"mocked"},{"name":"net","status":"mocked"}] {"metadata":{"emulator":{"name":"functions"},"function":{"name":"us-central1-api"},"extension":{},"message":"[runtime-status] [32508] Outgoing network have been stubbed. [{\"name\":\"http\",\"status\":\"mocked\"},{\"name\":\"http\",\"status\":\"mocked\"},{\"name\":\"https\",\"status\":\"mocked\"},{\"name\":\"https\",\"status\":\"mocked\"},{\"name\":\"net\",\"status\":\"mocked\"}]"}}
[debug] [2023-03-30T20:12:43.587Z] [runtime-status] [32508] Resolved module firebase-functions {"declared":true,"installed":true,"version":"3.24.1","resolution":"C:\\VisualStudioCodeStuff\\amazon-clone\\functions\\node_modules\\firebase-functions\\lib\\index.js"} {"metadata":{"emulator":{"name":"functions"},"function":{"name":"us-central1-api"},"extension":{},"message":"[runtime-status] [32508] Resolved module firebase-functions {\"declared\":true,\"installed\":true,\"version\":\"3.24.1\",\"resolution\":\"C:\\\\VisualStudioCodeStuff\\\\amazon-clone\\\\functions\\\\node_modules\\\\firebase-functions\\\\lib\\\\index.js\"}"}}
[debug] [2023-03-30T20:12:43.647Z] [runtime-status] [7548] Checked functions.config() {"config":{}} {"metadata":{"emulator":{"name":"functions"},"function":{"name":"us-central1-api"},"extension":{},"message":"[runtime-status] [7548] Checked functions.config() {\"config\":{}}"}}
[debug] [2023-03-30T20:12:43.648Z] [runtime-status] [7548] firebase-functions has been stubbed. {"functionsResolution":{"declared":true,"installed":true,"version":"3.24.1","resolution":"C:\\VisualStudioCodeStuff\\amazon-clone\\functions\\node_modules\\firebase-functions\\lib\\index.js"}} {"metadata":{"emulator":{"name":"functions"},"function":{"name":"us-central1-api"},"extension":{},"message":"[runtime-status] [7548] firebase-functions has been stubbed. {\"functionsResolution\":{\"declared\":true,\"installed\":true,\"version\":\"3.24.1\",\"resolution\":\"C:\\\\VisualStudioCodeStuff\\\\amazon-clone\\\\functions\\\\node_modules\\\\firebase-functions\\\\lib\\\\index.js\"}}"}}
[debug] [2023-03-30T20:12:43.650Z] [runtime-status] [7548] Resolved module firebase-functions {"declared":true,"installed":true,"version":"3.24.1","resolution":"C:\\VisualStudioCodeStuff\\amazon-clone\\functions\\node_modules\\firebase-functions\\lib\\index.js"} {"metadata":{"emulator":{"name":"functions"},"function":{"name":"us-central1-api"},"extension":{},"message":"[runtime-status] [7548] Resolved module firebase-functions {\"declared\":true,\"installed\":true,\"version\":\"3.24.1\",\"resolution\":\"C:\\\\VisualStudioCodeStuff\\\\amazon-clone\\\\functions\\\\node_modules\\\\firebase-functions\\\\lib\\\\index.js\"}"}}
[debug] [2023-03-30T20:12:43.652Z] [runtime-status] [7548] Resolved module firebase-admin {"declared":true,"installed":true,"version":"10.3.0","resolution":"C:\\VisualStudioCodeStuff\\amazon-clone\\functions\\node_modules\\firebase-admin\\lib\\index.js"} {"metadata":{"emulator":{"name":"functions"},"function":{"name":"us-central1-api"},"extension":{},"message":"[runtime-status] [7548] Resolved module firebase-admin {\"declared\":true,\"installed\":true,\"version\":\"10.3.0\",\"resolution\":\"C:\\\\VisualStudioCodeStuff\\\\amazon-clone\\\\functions\\\\node_modules\\\\firebase-admin\\\\lib\\\\index.js\"}"}}
[debug] [2023-03-30T20:12:43.654Z] [runtime-status] [7548] Resolved module firebase-functions {"declared":true,"installed":true,"version":"3.24.1","resolution":"C:\\VisualStudioCodeStuff\\amazon-clone\\functions\\node_modules\\firebase-functions\\lib\\index.js"} {"metadata":{"emulator":{"name":"functions"},"function":{"name":"us-central1-api"},"extension":{},"message":"[runtime-status] [7548] Resolved module firebase-functions {\"declared\":true,\"installed\":true,\"version\":\"3.24.1\",\"resolution\":\"C:\\\\VisualStudioCodeStuff\\\\amazon-clone\\\\functions\\\\node_modules\\\\firebase-functions\\\\lib\\\\index.js\"}"}}
[debug] [2023-03-30T20:12:43.654Z] [runtime-status] [7548] firebase-admin has been stubbed. {"adminResolution":{"declared":true,"installed":true,"version":"10.3.0","resolution":"C:\\VisualStudioCodeStuff\\amazon-clone\\functions\\node_modules\\firebase-admin\\lib\\index.js"}} {"metadata":{"emulator":{"name":"functions"},"function":{"name":"us-central1-api"},"extension":{},"message":"[runtime-status] [7548] firebase-admin has been stubbed. {\"adminResolution\":{\"declared\":true,\"installed\":true,\"version\":\"10.3.0\",\"resolution\":\"C:\\\\VisualStudioCodeStuff\\\\amazon-clone\\\\functions\\\\node_modules\\\\firebase-admin\\\\lib\\\\index.js\"}}"}}
[debug] [2023-03-30T20:12:43.655Z] [runtime-status] [7548] Functions runtime initialized. {"cwd":"C:\\VisualStudioCodeStuff\\amazon-clone\\functions","node_version":"18.14.2"} {"metadata":{"emulator":{"name":"functions"},"function":{"name":"us-central1-api"},"extension":{},"message":"[runtime-status] [7548] Functions runtime initialized. {\"cwd\":\"C:\\\\VisualStudioCodeStuff\\\\amazon-clone\\\\functions\",\"node_version\":\"18.14.2\"}"}}
[debug] [2023-03-30T20:12:43.678Z] [runtime-status] [32508] Checked functions.config() {"config":{}} {"metadata":{"emulator":{"name":"functions"},"function":{"name":"us-central1-api"},"extension":{},"message":"[runtime-status] [32508] Checked functions.config() {\"config\":{}}"}}
[debug] [2023-03-30T20:12:43.679Z] [runtime-status] [32508] firebase-functions has been stubbed. {"functionsResolution":{"declared":true,"installed":true,"version":"3.24.1","resolution":"C:\\VisualStudioCodeStuff\\amazon-clone\\functions\\node_modules\\firebase-functions\\lib\\index.js"}} {"metadata":{"emulator":{"name":"functions"},"function":{"name":"us-central1-api"},"extension":{},"message":"[runtime-status] [32508] firebase-functions has been stubbed. {\"functionsResolution\":{\"declared\":true,\"installed\":true,\"version\":\"3.24.1\",\"resolution\":\"C:\\\\VisualStudioCodeStuff\\\\amazon-clone\\\\functions\\\\node_modules\\\\firebase-functions\\\\lib\\\\index.js\"}}"}}
[debug] [2023-03-30T20:12:43.680Z] [runtime-status] [32508] Resolved module firebase-functions {"declared":true,"installed":true,"version":"3.24.1","resolution":"C:\\VisualStudioCodeStuff\\amazon-clone\\functions\\node_modules\\firebase-functions\\lib\\index.js"} {"metadata":{"emulator":{"name":"functions"},"function":{"name":"us-central1-api"},"extension":{},"message":"[runtime-status] [32508] Resolved module firebase-functions {\"declared\":true,\"installed\":true,\"version\":\"3.24.1\",\"resolution\":\"C:\\\\VisualStudioCodeStuff\\\\amazon-clone\\\\functions\\\\node_modules\\\\firebase-functions\\\\lib\\\\index.js\"}"}}
[debug] [2023-03-30T20:12:43.683Z] [runtime-status] [32508] Resolved module firebase-admin {"declared":true,"installed":true,"version":"10.3.0","resolution":"C:\\VisualStudioCodeStuff\\amazon-clone\\functions\\node_modules\\firebase-admin\\lib\\index.js"} {"metadata":{"emulator":{"name":"functions"},"function":{"name":"us-central1-api"},"extension":{},"message":"[runtime-status] [32508] Resolved module firebase-admin {\"declared\":true,\"installed\":true,\"version\":\"10.3.0\",\"resolution\":\"C:\\\\VisualStudioCodeStuff\\\\amazon-clone\\\\functions\\\\node_modules\\\\firebase-admin\\\\lib\\\\index.js\"}"}}
[debug] [2023-03-30T20:12:43.684Z] [runtime-status] [32508] Resolved module firebase-functions {"declared":true,"installed":true,"version":"3.24.1","resolution":"C:\\VisualStudioCodeStuff\\amazon-clone\\functions\\node_modules\\firebase-functions\\lib\\index.js"} {"metadata":{"emulator":{"name":"functions"},"function":{"name":"us-central1-api"},"extension":{},"message":"[runtime-status] [32508] Resolved module firebase-functions {\"declared\":true,\"installed\":true,\"version\":\"3.24.1\",\"resolution\":\"C:\\\\VisualStudioCodeStuff\\\\amazon-clone\\\\functions\\\\node_modules\\\\firebase-functions\\\\lib\\\\index.js\"}"}}
[debug] [2023-03-30T20:12:43.684Z] [runtime-status] [32508] firebase-admin has been stubbed. {"adminResolution":{"declared":true,"installed":true,"version":"10.3.0","resolution":"C:\\VisualStudioCodeStuff\\amazon-clone\\functions\\node_modules\\firebase-admin\\lib\\index.js"}} {"metadata":{"emulator":{"name":"functions"},"function":{"name":"us-central1-api"},"extension":{},"message":"[runtime-status] [32508] firebase-admin has been stubbed. {\"adminResolution\":{\"declared\":true,\"installed\":true,\"version\":\"10.3.0\",\"resolution\":\"C:\\\\VisualStudioCodeStuff\\\\amazon-clone\\\\functions\\\\node_modules\\\\firebase-admin\\\\lib\\\\index.js\"}}"}}
[debug] [2023-03-30T20:12:43.684Z] [runtime-status] [32508] Functions runtime initialized. {"cwd":"C:\\VisualStudioCodeStuff\\amazon-clone\\functions","node_version":"18.14.2"} {"metadata":{"emulator":{"name":"functions"},"function":{"name":"us-central1-api"},"extension":{},"message":"[runtime-status] [32508] Functions runtime initialized. {\"cwd\":\"C:\\\\VisualStudioCodeStuff\\\\amazon-clone\\\\functions\",\"node_version\":\"18.14.2\"}"}}
[debug] [2023-03-30T20:12:44.093Z] [runtime-status] [7548] Beginning invocation function api! {"metadata":{"emulator":{"name":"functions"},"function":{"name":"us-central1-api"},"extension":{},"message":"[runtime-status] [7548] Beginning invocation function api!"}}
[info] i  functions: Beginning execution of "api" {"metadata":{"emulator":{"name":"functions"},"function":{"name":"us-central1-api"},"extension":{},"message":"Beginning execution of \"api\""}}
[debug] [2023-03-30T20:12:44.094Z] [runtime-status] [7548] Running api in signature http {"metadata":{"emulator":{"name":"functions"},"function":{"name":"us-central1-api"},"extension":{},"message":"[runtime-status] [7548] Running api in signature http"}}
[debug] [2023-03-30T20:12:44.099Z] [runtime-status] [7548] Attempting to listen to port: \\?\pipe\fire_emu_b5c5630d50441433 {"metadata":{"emulator":{"name":"functions"},"function":{"name":"us-central1-api"},"extension":{},"message":"[runtime-status] [7548] Attempting to listen to port: \\\\?\\pipe\\fire_emu_b5c5630d50441433"}}
[debug] [2023-03-30T20:12:44.131Z] [runtime-status] [32508] Beginning invocation function api! {"metadata":{"emulator":{"name":"functions"},"function":{"name":"us-central1-api"},"extension":{},"message":"[runtime-status] [32508] Beginning invocation function api!"}}
[info] i  functions: Beginning execution of "api" {"metadata":{"emulator":{"name":"functions"},"function":{"name":"us-central1-api"},"extension":{},"message":"Beginning execution of \"api\""}}
[debug] [2023-03-30T20:12:44.132Z] [runtime-status] [32508] Running api in signature http {"metadata":{"emulator":{"name":"functions"},"function":{"name":"us-central1-api"},"extension":{},"message":"[runtime-status] [32508] Running api in signature http"}}
[debug] [2023-03-30T20:12:44.136Z] [runtime-status] [32508] Attempting to listen to port: \\?\pipe\fire_emu_6965a25384986b3e {"metadata":{"emulator":{"name":"functions"},"function":{"name":"us-central1-api"},"extension":{},"message":"[runtime-status] [32508] Attempting to listen to port: \\\\?\\pipe\\fire_emu_6965a25384986b3e"}}
[debug] [2023-03-30T20:12:44.164Z] [functions] Runtime ready! Sending request! {"metadata":{"emulator":{"name":"functions"},"message":"[functions] Runtime ready! Sending request!"}}
[debug] [2023-03-30T20:12:44.164Z] [functions] Got req.url=/clone-f4a00/us-central1/api/payments/create?total=3078, mapping to path=/payments/create?total=3078 {"metadata":{"emulator":{"name":"functions"},"message":"[functions] Got req.url=/clone-f4a00/us-central1/api/payments/create?total=3078, mapping to path=/payments/create?total=3078"}}
[debug] [2023-03-30T20:12:44.167Z] [runtime-status] [7548] Ephemeral server handling POST request {"metadata":{"emulator":{"name":"functions"},"function":{"name":"us-central1-api"},"extension":{},"message":"[runtime-status] [7548] Ephemeral server handling POST request"}}
[info] >  Payment request 3078 {"user":"Payment request 3078","metadata":{"emulator":{"name":"functions"},"function":{"name":"us-central1-api"},"extension":{},"message":"\u001b[90m> \u001b[39m Payment request 3078"}}
[debug] [2023-03-30T20:12:44.189Z] [runtime-status] [7548] Ephemeral server survived. {"metadata":{"emulator":{"name":"functions"},"function":{"name":"us-central1-api"},"extension":{},"message":"[runtime-status] [7548] Ephemeral server survived."}}
[debug] [2023-03-30T20:12:44.198Z] [functions] Runtime ready! Sending request! {"metadata":{"emulator":{"name":"functions"},"message":"[functions] Runtime ready! Sending request!"}}
[debug] [2023-03-30T20:12:44.198Z] [functions] Got req.url=/clone-f4a00/us-central1/api/payments/create?total=3078, mapping to path=/payments/create?total=3078 {"metadata":{"emulator":{"name":"functions"},"message":"[functions] Got req.url=/clone-f4a00/us-central1/api/payments/create?total=3078, mapping to path=/payments/create?total=3078"}}
[debug] [2023-03-30T20:12:44.203Z] [runtime-status] [32508] Ephemeral server handling POST request {"metadata":{"emulator":{"name":"functions"},"function":{"name":"us-central1-api"},"extension":{},"message":"[runtime-status] [32508] Ephemeral server handling POST request"}}
[info] >  Payment request 3078 {"user":"Payment request 3078","metadata":{"emulator":{"name":"functions"},"function":{"name":"us-central1-api"},"extension":{},"message":"\u001b[90m> \u001b[39m Payment request 3078"}}
[debug] [2023-03-30T20:12:44.226Z] [runtime-status] [32508] Ephemeral server survived. {"metadata":{"emulator":{"name":"functions"},"function":{"name":"us-central1-api"},"extension":{},"message":"[runtime-status] [32508] Ephemeral server survived."}}
[info] i  functions: Finished "api" in ~1s {"metadata":{"emulator":{"name":"functions"},"function":{"name":"us-central1-api"},"extension":{},"message":"Finished \"api\" in ~1s"}}
[debug] [2023-03-30T20:12:44.674Z] [worker-us-central1-api-15d76f68-5e81-4b42-92cd-0f3245d3773d]: IDLE {"metadata":{"emulator":{"name":"functions"},"message":"[worker-us-central1-api-15d76f68-5e81-4b42-92cd-0f3245d3773d]: IDLE"}}
[debug] [2023-03-30T20:12:44.675Z] [work-queue] {"queueLength":0,"workRunningCount":1}
[info] i  functions: Finished "api" in ~1s {"metadata":{"emulator":{"name":"functions"},"function":{"name":"us-central1-api"},"extension":{},"message":"Finished \"api\" in ~1s"}}
[debug] [2023-03-30T20:12:44.682Z] [worker-us-central1-api-7739b86a-f59e-4e49-98da-771007750540]: IDLE {"metadata":{"emulator":{"name":"functions"},"message":"[worker-us-central1-api-7739b86a-f59e-4e49-98da-771007750540]: IDLE"}}
[debug] [2023-03-30T20:12:44.682Z] [work-queue] {"queueLength":0,"workRunningCount":0}
[debug] [2023-03-30T20:29:57.513Z] File C:\VisualStudioCodeStuff\amazon-clone\functions\index.js changed, reloading triggers {"metadata":{"emulator":{"name":"functions"},"message":"File C:\\VisualStudioCodeStuff\\amazon-clone\\functions\\index.js changed, reloading triggers"}}
[debug] [2023-03-30T20:29:58.520Z] [worker-pool] Shutting down IDLE worker (us-central1-api) {"metadata":{"emulator":{"name":"functions"},"message":"[worker-pool] Shutting down IDLE worker (us-central1-api)"}}
[debug] [2023-03-30T20:29:58.520Z] [worker-us-central1-api-15d76f68-5e81-4b42-92cd-0f3245d3773d]: FINISHING {"metadata":{"emulator":{"name":"functions"},"message":"[worker-us-central1-api-15d76f68-5e81-4b42-92cd-0f3245d3773d]: FINISHING"}}
[debug] [2023-03-30T20:29:58.520Z] [worker-pool] Shutting down IDLE worker (us-central1-api) {"metadata":{"emulator":{"name":"functions"},"message":"[worker-pool] Shutting down IDLE worker (us-central1-api)"}}
[debug] [2023-03-30T20:29:58.520Z] [worker-us-central1-api-7739b86a-f59e-4e49-98da-771007750540]: FINISHING {"metadata":{"emulator":{"name":"functions"},"message":"[worker-us-central1-api-7739b86a-f59e-4e49-98da-771007750540]: FINISHING"}}
[debug] [2023-03-30T20:29:58.523Z] Validating nodejs source
[warn] !  functions: package.json indicates an outdated version of firebase-functions. Please upgrade using npm install --save firebase-functions@latest in your functions directory. 
[warn] !  functions: Please note that there will be breaking changes when you upgrade. 
[debug] [2023-03-30T20:30:03.726Z] > [functions] package.json contents: {
  "name": "functions",
  "description": "Cloud Functions for Firebase",
  "scripts": {
    "lint": "eslint .",
    "serve": "firebase emulators:start --only functions",
    "shell": "firebase functions:shell",
    "start": "npm run shell",
    "deploy": "firebase deploy --only functions",
    "logs": "firebase functions:log"
  },
  "engines": {
    "node": "16"
  },
  "main": "index.js",
  "dependencies": {
    "cors": "^2.8.5",
    "express": "^4.18.2",
    "firebase-admin": "^10.0.2",
    "firebase-functions": "^3.18.0",
    "stripe": "^11.15.0"
  },
  "devDependencies": {
    "eslint": "^8.9.0",
    "eslint-config-google": "^0.14.0",
    "firebase-functions-test": "^0.2.0"
  },
  "private": true
}
[debug] [2023-03-30T20:30:03.726Z] Building nodejs source
[debug] [2023-03-30T20:30:03.726Z] Analyzing nodejs backend spec
[debug] [2023-03-30T20:30:03.727Z] Could not find functions.yaml. Must use http discovery
[debug] [2023-03-30T20:30:03.762Z] [worker-us-central1-api-15d76f68-5e81-4b42-92cd-0f3245d3773d]: exited {"metadata":{"emulator":{"name":"functions"},"message":"[worker-us-central1-api-15d76f68-5e81-4b42-92cd-0f3245d3773d]: exited"}}
[debug] [2023-03-30T20:30:03.763Z] [worker-us-central1-api-15d76f68-5e81-4b42-92cd-0f3245d3773d]: FINISHED {"metadata":{"emulator":{"name":"functions"},"message":"[worker-us-central1-api-15d76f68-5e81-4b42-92cd-0f3245d3773d]: FINISHED"}}
[debug] [2023-03-30T20:30:03.763Z] [worker-us-central1-api-7739b86a-f59e-4e49-98da-771007750540]: exited {"metadata":{"emulator":{"name":"functions"},"message":"[worker-us-central1-api-7739b86a-f59e-4e49-98da-771007750540]: exited"}}
[debug] [2023-03-30T20:30:03.763Z] [worker-us-central1-api-7739b86a-f59e-4e49-98da-771007750540]: FINISHED {"metadata":{"emulator":{"name":"functions"},"message":"[worker-us-central1-api-7739b86a-f59e-4e49-98da-771007750540]: FINISHED"}}
[debug] [2023-03-30T20:30:04.136Z] Serving at port 9005

[debug] [2023-03-30T20:30:04.368Z] Got response from /__/functions.yaml {"endpoints":{"api":{"platform":"gcfv1","httpsTrigger":{},"entryPoint":"api"}},"specVersion":"v1alpha1","requiredAPIs":[]}
[debug] [2023-03-30T20:30:04.374Z] shutdown requested via /__/quitquitquit

